# JRE version: Java(TM) SE Runtime Environment (8.0_25-b17) (build 1.8.0_25-b17)
# Java VM: Java HotSpot(TM) 64-Bit Server VM (25.25-b02 mixed mode linux-amd64 compressed oops)
Heap:
 PSYoungGen      total 312832K, used 6595K [0x00000000eab00000, 0x0000000100000000, 0x0000000100000000)
  eden space 283648K, 0% used [0x00000000eab00000,0x00000000eab00000,0x00000000fc000000)
  from space 29184K, 22% used [0x00000000fe380000,0x00000000fe9f0cc0,0x0000000100000000)
  to   space 32768K, 0% used [0x00000000fc000000,0x00000000fc000000,0x00000000fe000000)
 ParOldGen       total 77312K, used 76945K [0x00000000c0000000, 0x00000000c4b80000, 0x00000000eab00000)
  object space 77312K, 99% used [0x00000000c0000000,0x00000000c4b24460,0x00000000c4b80000)
 Metaspace       used 56675K, capacity 60918K, committed 61696K, reserved 1101824K
  class space    used 7729K, capacity 9227K, committed 9472K, reserved 1048576K
GC Heap History (10 events):
Event: 5136.427 GC heap after
Heap after GC invocations=22 (full 4):
 PSYoungGen      total 252928K, used 3856K [0x00000000eab00000, 0x00000000fed00000, 0x0000000100000000)
  eden space 237568K, 0% used [0x00000000eab00000,0x00000000eab00000,0x00000000f9300000)
  from space 15360K, 25% used [0x00000000fa180000,0x00000000fa544050,0x00000000fb080000)
  to   space 14848K, 0% used [0x00000000f9300000,0x00000000f9300000,0x00000000fa180000)
 ParOldGen       total 71168K, used 21839K [0x00000000c0000000, 0x00000000c4580000, 0x00000000eab00000)
  object space 71168K, 30% used [0x00000000c0000000,0x00000000c1553f28,0x00000000c4580000)
 Metaspace       used 36076K, capacity 36772K, committed 44928K, reserved 1087488K
  class space    used 4650K, capacity 4927K, committed 6784K, reserved 1048576K
}
Event: 5138.632 GC heap before
{Heap before GC invocations=23 (full 4):
 PSYoungGen      total 252928K, used 241424K [0x00000000eab00000, 0x00000000fed00000, 0x0000000100000000)
  eden space 237568K, 100% used [0x00000000eab00000,0x00000000f9300000,0x00000000f9300000)
  from space 15360K, 25% used [0x00000000fa180000,0x00000000fa544050,0x00000000fb080000)
  to   space 14848K, 0% used [0x00000000f9300000,0x00000000f9300000,0x00000000fa180000)
 ParOldGen       total 71168K, used 21839K [0x00000000c0000000, 0x00000000c4580000, 0x00000000eab00000)
  object space 71168K, 30% used [0x00000000c0000000,0x00000000c1553f28,0x00000000c4580000)
 Metaspace       used 41599K, capacity 43362K, committed 44928K, reserved 1087488K
  class space    used 5456K, capacity 6143K, committed 6784K, reserved 1048576K
Event: 5138.683 GC heap after
Heap after GC invocations=23 (full 4):
 PSYoungGen      total 252416K, used 14832K [0x00000000eab00000, 0x00000000fe500000, 0x0000000100000000)
  eden space 237568K, 0% used [0x00000000eab00000,0x00000000eab00000,0x00000000f9300000)
  from space 14848K, 99% used [0x00000000f9300000,0x00000000fa17c010,0x00000000fa180000)
  to   space 21504K, 0% used [0x00000000fd000000,0x00000000fd000000,0x00000000fe500000)
 ParOldGen       total 71168K, used 32599K [0x00000000c0000000, 0x00000000c4580000, 0x00000000eab00000)
  object space 71168K, 45% used [0x00000000c0000000,0x00000000c1fd5ff8,0x00000000c4580000)
 Metaspace       used 41599K, capacity 43362K, committed 44928K, reserved 1087488K
  class space    used 5456K, capacity 6143K, committed 6784K, reserved 1048576K
}
Event: 5185.625 GC heap before
{Heap before GC invocations=24 (full 4):
 PSYoungGen      total 252416K, used 252400K [0x00000000eab00000, 0x00000000fe500000, 0x0000000100000000)
  eden space 237568K, 100% used [0x00000000eab00000,0x00000000f9300000,0x00000000f9300000)
  from space 14848K, 99% used [0x00000000f9300000,0x00000000fa17c010,0x00000000fa180000)
  to   space 21504K, 0% used [0x00000000fd000000,0x00000000fd000000,0x00000000fe500000)
 ParOldGen       total 71168K, used 32599K [0x00000000c0000000, 0x00000000c4580000, 0x00000000eab00000)
  object space 71168K, 45% used [0x00000000c0000000,0x00000000c1fd5ff8,0x00000000c4580000)
 Metaspace       used 44905K, capacity 47307K, committed 47488K, reserved 1089536K
  class space    used 6002K, capacity 6943K, committed 7040K, reserved 1048576K
Event: 5185.707 GC heap after
Heap after GC invocations=24 (full 4):
 PSYoungGen      total 290816K, used 16342K [0x00000000eab00000, 0x00000000fe200000, 0x0000000100000000)
  eden space 272384K, 0% used [0x00000000eab00000,0x00000000eab00000,0x00000000fb500000)
  from space 18432K, 88% used [0x00000000fd000000,0x00000000fdff5b40,0x00000000fe200000)
  to   space 23040K, 0% used [0x00000000fb500000,0x00000000fb500000,0x00000000fcb80000)
 ParOldGen       total 71168K, used 47442K [0x00000000c0000000, 0x00000000c4580000, 0x00000000eab00000)
  object space 71168K, 66% used [0x00000000c0000000,0x00000000c2e54820,0x00000000c4580000)
 Metaspace       used 44905K, capacity 47307K, committed 47488K, reserved 1089536K
  class space    used 6002K, capacity 6943K, committed 7040K, reserved 1048576K
}
Event: 5188.910 GC heap before
{Heap before GC invocations=25 (full 4):
 PSYoungGen      total 290816K, used 288726K [0x00000000eab00000, 0x00000000fe200000, 0x0000000100000000)
  eden space 272384K, 100% used [0x00000000eab00000,0x00000000fb500000,0x00000000fb500000)
  from space 18432K, 88% used [0x00000000fd000000,0x00000000fdff5b40,0x00000000fe200000)
  to   space 23040K, 0% used [0x00000000fb500000,0x00000000fb500000,0x00000000fcb80000)
 ParOldGen       total 71168K, used 47442K [0x00000000c0000000, 0x00000000c4580000, 0x00000000eab00000)
  object space 71168K, 66% used [0x00000000c0000000,0x00000000c2e54820,0x00000000c4580000)
 Metaspace       used 50447K, capacity 53909K, committed 54272K, reserved 1095680K
  class space    used 6686K, capacity 8075K, committed 8192K, reserved 1048576K
Event: 5188.981 GC heap after
Heap after GC invocations=25 (full 4):
 PSYoungGen      total 295424K, used 23024K [0x00000000eab00000, 0x0000000100000000, 0x0000000100000000)
  eden space 272384K, 0% used [0x00000000eab00000,0x00000000eab00000,0x00000000fb500000)
  from space 23040K, 99% used [0x00000000fb500000,0x00000000fcb7c020,0x00000000fcb80000)
  to   space 29184K, 0% used [0x00000000fe380000,0x00000000fe380000,0x0000000100000000)
 ParOldGen       total 71168K, used 54105K [0x00000000c0000000, 0x00000000c4580000, 0x00000000eab00000)
  object space 71168K, 76% used [0x00000000c0000000,0x00000000c34d6620,0x00000000c4580000)
 Metaspace       used 50447K, capacity 53909K, committed 54272K, reserved 1095680K
  class space    used 6686K, capacity 8075K, committed 8192K, reserved 1048576K
}
Event: 5191.867 GC heap before
{Heap before GC invocations=26 (full 4):
 PSYoungGen      total 295424K, used 295408K [0x00000000eab00000, 0x0000000100000000, 0x0000000100000000)
  eden space 272384K, 100% used [0x00000000eab00000,0x00000000fb500000,0x00000000fb500000)
  from space 23040K, 99% used [0x00000000fb500000,0x00000000fcb7c020,0x00000000fcb80000)
  to   space 29184K, 0% used [0x00000000fe380000,0x00000000fe380000,0x0000000100000000)
 ParOldGen       total 71168K, used 54105K [0x00000000c0000000, 0x00000000c4580000, 0x00000000eab00000)
  object space 71168K, 76% used [0x00000000c0000000,0x00000000c34d6620,0x00000000c4580000)
 Metaspace       used 56836K, capacity 61432K, committed 61696K, reserved 1101824K
  class space    used 7770K, capacity 9405K, committed 9472K, reserved 1048576K
Event: 5191.955 GC heap after
Heap after GC invocations=26 (full 4):
 PSYoungGen      total 312832K, used 25440K [0x00000000eab00000, 0x0000000100000000, 0x0000000100000000)
  eden space 283648K, 0% used [0x00000000eab00000,0x00000000eab00000,0x00000000fc000000)
  from space 29184K, 87% used [0x00000000fe380000,0x00000000ffc58250,0x0000000100000000)
  to   space 32768K, 0% used [0x00000000fc000000,0x00000000fc000000,0x00000000fe000000)
 ParOldGen       total 77312K, used 77073K [0x00000000c0000000, 0x00000000c4b80000, 0x00000000eab00000)
  object space 77312K, 99% used [0x00000000c0000000,0x00000000c4b44718,0x00000000c4b80000)
 Metaspace       used 56836K, capacity 61432K, committed 61696K, reserved 1101824K
  class space    used 7770K, capacity 9405K, committed 9472K, reserved 1048576K
}
Event: 5191.976 GC heap before
{Heap before GC invocations=27 (full 5):
 PSYoungGen      total 312832K, used 25440K [0x00000000eab00000, 0x0000000100000000, 0x0000000100000000)
  eden space 283648K, 0% used [0x00000000eab00000,0x00000000eab00000,0x00000000fc000000)
  from space 29184K, 87% used [0x00000000fe380000,0x00000000ffc58250,0x0000000100000000)
  to   space 32768K, 0% used [0x00000000fc000000,0x00000000fc000000,0x00000000fe000000)
 ParOldGen       total 77312K, used 77073K [0x00000000c0000000, 0x00000000c4b80000, 0x00000000eab00000)
  object space 77312K, 99% used [0x00000000c0000000,0x00000000c4b44718,0x00000000c4b80000)
 Metaspace       used 56836K, capacity 61432K, committed 61696K, reserved 1101824K
  class space    used 7770K, capacity 9405K, committed 9472K, reserved 1048576K

